This file contains any messages produced by compilers while
running configure, to aid debugging if configure makes a mistake.

It was created by remy configure 0.1, which was
generated by GNU Autoconf 2.69.  Invocation command line was

  $ ./configure 

## --------- ##
## Platform. ##
## --------- ##

hostname = ochre
uname -m = x86_64
uname -r = 3.11.0-26-generic
uname -s = Linux
uname -v = #45-Ubuntu SMP Tue Jul 15 04:02:06 UTC 2014

/usr/bin/uname -p = unknown
/bin/uname -X     = unknown

/bin/arch              = unknown
/usr/bin/arch -k       = unknown
/usr/convex/getsysinfo = unknown
/usr/bin/hostinfo      = unknown
/bin/machine           = unknown
/usr/bin/oslevel       = unknown
/bin/universe          = unknown

PATH: /home/pratiksha/bin
PATH: /usr/lib/lightdm/lightdm
PATH: /usr/local/sbin
PATH: /usr/local/bin
PATH: /usr/sbin
PATH: /usr/bin
PATH: /sbin
PATH: /bin
PATH: /usr/games
PATH: /usr/local/games


## ----------- ##
## Core tests. ##
## ----------- ##

configure:2251: checking for a BSD-compatible install
configure:2319: result: /usr/bin/install -c
configure:2330: checking whether build environment is sane
configure:2385: result: yes
configure:2536: checking for a thread-safe mkdir -p
configure:2575: result: /bin/mkdir -p
configure:2582: checking for gawk
configure:2612: result: no
configure:2582: checking for mawk
configure:2598: found /usr/bin/mawk
configure:2609: result: mawk
configure:2620: checking whether make sets $(MAKE)
configure:2642: result: yes
configure:2671: checking whether make supports nested variables
configure:2688: result: yes
configure:2835: checking for g++
configure:2851: found /usr/bin/g++
configure:2862: result: g++
configure:2889: checking for C++ compiler version
configure:2898: g++ --version >&5
g++ (Ubuntu/Linaro 4.8.1-10ubuntu9) 4.8.1
Copyright (C) 2013 Free Software Foundation, Inc.
This is free software; see the source for copying conditions.  There is NO
warranty; not even for MERCHANTABILITY or FITNESS FOR A PARTICULAR PURPOSE.

configure:2909: $? = 0
configure:2898: g++ -v >&5
Using built-in specs.
COLLECT_GCC=g++
COLLECT_LTO_WRAPPER=/usr/lib/gcc/x86_64-linux-gnu/4.8/lto-wrapper
Target: x86_64-linux-gnu
Configured with: ../src/configure -v --with-pkgversion='Ubuntu/Linaro 4.8.1-10ubuntu9' --with-bugurl=file:///usr/share/doc/gcc-4.8/README.Bugs --enable-languages=c,c++,java,go,d,fortran,objc,obj-c++ --prefix=/usr --program-suffix=-4.8 --enable-shared --enable-linker-build-id --libexecdir=/usr/lib --without-included-gettext --enable-threads=posix --with-gxx-include-dir=/usr/include/c++/4.8 --libdir=/usr/lib --enable-nls --with-sysroot=/ --enable-clocale=gnu --enable-libstdcxx-debug --enable-libstdcxx-time=yes --enable-gnu-unique-object --enable-plugin --with-system-zlib --disable-browser-plugin --enable-java-awt=gtk --enable-gtk-cairo --with-java-home=/usr/lib/jvm/java-1.5.0-gcj-4.8-amd64/jre --enable-java-home --with-jvm-root-dir=/usr/lib/jvm/java-1.5.0-gcj-4.8-amd64 --with-jvm-jar-dir=/usr/lib/jvm-exports/java-1.5.0-gcj-4.8-amd64 --with-arch-directory=amd64 --with-ecj-jar=/usr/share/java/eclipse-ecj.jar --enable-objc-gc --enable-multiarch --disable-werror --with-arch-32=i686 --with-abi=m64 --with-multilib-list=m32,m64,mx32 --with-tune=generic --enable-checking=release --build=x86_64-linux-gnu --host=x86_64-linux-gnu --target=x86_64-linux-gnu
Thread model: posix
gcc version 4.8.1 (Ubuntu/Linaro 4.8.1-10ubuntu9) 
configure:2909: $? = 0
configure:2898: g++ -V >&5
g++: error: unrecognized command line option '-V'
g++: fatal error: no input files
compilation terminated.
configure:2909: $? = 4
configure:2898: g++ -qversion >&5
g++: error: unrecognized command line option '-qversion'
g++: fatal error: no input files
compilation terminated.
configure:2909: $? = 4
configure:2929: checking whether the C++ compiler works
configure:2951: g++    conftest.cpp  >&5
configure:2955: $? = 0
configure:3003: result: yes
configure:3006: checking for C++ compiler default output file name
configure:3008: result: a.out
configure:3014: checking for suffix of executables
configure:3021: g++ -o conftest    conftest.cpp  >&5
configure:3025: $? = 0
configure:3047: result: 
configure:3069: checking whether we are cross compiling
configure:3077: g++ -o conftest    conftest.cpp  >&5
configure:3081: $? = 0
configure:3088: ./conftest
configure:3092: $? = 0
configure:3107: result: no
configure:3112: checking for suffix of object files
configure:3134: g++ -c   conftest.cpp >&5
configure:3138: $? = 0
configure:3159: result: o
configure:3163: checking whether we are using the GNU C++ compiler
configure:3182: g++ -c   conftest.cpp >&5
configure:3182: $? = 0
configure:3191: result: yes
configure:3200: checking whether g++ accepts -g
configure:3220: g++ -c -g  conftest.cpp >&5
configure:3220: $? = 0
configure:3261: result: yes
configure:3295: checking for style of include used by make
configure:3323: result: GNU
configure:3349: checking dependency style of g++
configure:3460: result: gcc3
configure:3518: checking for ranlib
configure:3534: found /usr/bin/ranlib
configure:3545: result: ranlib
configure:3570: checking for protoc
configure:3588: found /usr/bin/protoc
configure:3600: result: /usr/bin/protoc
configure:3667: checking for pkg-config
configure:3685: found /usr/bin/pkg-config
configure:3697: result: /usr/bin/pkg-config
configure:3722: checking pkg-config is at least version 0.9.0
configure:3725: result: yes
configure:3735: checking for protobuf
configure:3742: $PKG_CONFIG --exists --print-errors "protobuf"
configure:3745: $? = 0
configure:3759: $PKG_CONFIG --exists --print-errors "protobuf"
configure:3762: $? = 0
configure:3820: result: yes
configure:3844: checking how to run the C++ preprocessor
configure:3871: g++ -E -std=c++11 -pthread conftest.cpp
configure:3871: $? = 0
configure:3885: g++ -E -std=c++11 -pthread conftest.cpp
conftest.cpp:11:28: fatal error: ac_nonexistent.h: No such file or directory
 #include <ac_nonexistent.h>
                            ^
compilation terminated.
configure:3885: $? = 1
configure: failed program was:
| /* confdefs.h */
| #define PACKAGE_NAME "remy"
| #define PACKAGE_TARNAME "remy"
| #define PACKAGE_VERSION "0.1"
| #define PACKAGE_STRING "remy 0.1"
| #define PACKAGE_BUGREPORT "remy@mit.edu"
| #define PACKAGE_URL ""
| #define PACKAGE "remy"
| #define VERSION "0.1"
| /* end confdefs.h.  */
| #include <ac_nonexistent.h>
configure:3910: result: g++ -E
configure:3930: g++ -E -std=c++11 -pthread conftest.cpp
configure:3930: $? = 0
configure:3944: g++ -E -std=c++11 -pthread conftest.cpp
conftest.cpp:11:28: fatal error: ac_nonexistent.h: No such file or directory
 #include <ac_nonexistent.h>
                            ^
compilation terminated.
configure:3944: $? = 1
configure: failed program was:
| /* confdefs.h */
| #define PACKAGE_NAME "remy"
| #define PACKAGE_TARNAME "remy"
| #define PACKAGE_VERSION "0.1"
| #define PACKAGE_STRING "remy 0.1"
| #define PACKAGE_BUGREPORT "remy@mit.edu"
| #define PACKAGE_URL ""
| #define PACKAGE "remy"
| #define VERSION "0.1"
| /* end confdefs.h.  */
| #include <ac_nonexistent.h>
configure:3973: checking for grep that handles long lines and -e
configure:4031: result: /bin/grep
configure:4036: checking for egrep
configure:4098: result: /bin/grep -E
configure:4103: checking for ANSI C header files
configure:4123: g++ -c -g -O2 -std=c++11 -pthread conftest.cpp >&5
configure:4123: $? = 0
configure:4196: g++ -o conftest -g -O2 -std=c++11 -pthread  conftest.cpp  >&5
configure:4196: $? = 0
configure:4196: ./conftest
configure:4196: $? = 0
configure:4207: result: yes
configure:4220: checking for sys/types.h
configure:4220: g++ -c -g -O2 -std=c++11 -pthread conftest.cpp >&5
configure:4220: $? = 0
configure:4220: result: yes
configure:4220: checking for sys/stat.h
configure:4220: g++ -c -g -O2 -std=c++11 -pthread conftest.cpp >&5
configure:4220: $? = 0
configure:4220: result: yes
configure:4220: checking for stdlib.h
configure:4220: g++ -c -g -O2 -std=c++11 -pthread conftest.cpp >&5
configure:4220: $? = 0
configure:4220: result: yes
configure:4220: checking for string.h
configure:4220: g++ -c -g -O2 -std=c++11 -pthread conftest.cpp >&5
configure:4220: $? = 0
configure:4220: result: yes
configure:4220: checking for memory.h
configure:4220: g++ -c -g -O2 -std=c++11 -pthread conftest.cpp >&5
configure:4220: $? = 0
configure:4220: result: yes
configure:4220: checking for strings.h
configure:4220: g++ -c -g -O2 -std=c++11 -pthread conftest.cpp >&5
configure:4220: $? = 0
configure:4220: result: yes
configure:4220: checking for inttypes.h
configure:4220: g++ -c -g -O2 -std=c++11 -pthread conftest.cpp >&5
configure:4220: $? = 0
configure:4220: result: yes
configure:4220: checking for stdint.h
configure:4220: g++ -c -g -O2 -std=c++11 -pthread conftest.cpp >&5
configure:4220: $? = 0
configure:4220: result: yes
configure:4220: checking for unistd.h
configure:4220: g++ -c -g -O2 -std=c++11 -pthread conftest.cpp >&5
configure:4220: $? = 0
configure:4220: result: yes
configure:4243: checking algorithm usability
configure:4243: g++ -c -g -O2 -std=c++11 -pthread conftest.cpp >&5
configure:4243: $? = 0
configure:4243: result: yes
configure:4243: checking algorithm presence
configure:4243: g++ -E -std=c++11 -pthread conftest.cpp
configure:4243: $? = 0
configure:4243: result: yes
configure:4243: checking for algorithm
configure:4243: result: yes
configure:4243: checking array usability
configure:4243: g++ -c -g -O2 -std=c++11 -pthread conftest.cpp >&5
configure:4243: $? = 0
configure:4243: result: yes
configure:4243: checking array presence
configure:4243: g++ -E -std=c++11 -pthread conftest.cpp
configure:4243: $? = 0
configure:4243: result: yes
configure:4243: checking for array
configure:4243: result: yes
configure:4243: checking cassert usability
configure:4243: g++ -c -g -O2 -std=c++11 -pthread conftest.cpp >&5
configure:4243: $? = 0
configure:4243: result: yes
configure:4243: checking cassert presence
configure:4243: g++ -E -std=c++11 -pthread conftest.cpp
configure:4243: $? = 0
configure:4243: result: yes
configure:4243: checking for cassert
configure:4243: result: yes
configure:4243: checking boost/accumulators/accumulators.hpp usability
configure:4243: g++ -c -g -O2 -std=c++11 -pthread conftest.cpp >&5
configure:4243: $? = 0
configure:4243: result: yes
configure:4243: checking boost/accumulators/accumulators.hpp presence
configure:4243: g++ -E -std=c++11 -pthread conftest.cpp
configure:4243: $? = 0
configure:4243: result: yes
configure:4243: checking for boost/accumulators/accumulators.hpp
configure:4243: result: yes
configure:4243: checking boost/accumulators/statistics/median.hpp usability
configure:4243: g++ -c -g -O2 -std=c++11 -pthread conftest.cpp >&5
configure:4243: $? = 0
configure:4243: result: yes
configure:4243: checking boost/accumulators/statistics/median.hpp presence
configure:4243: g++ -E -std=c++11 -pthread conftest.cpp
configure:4243: $? = 0
configure:4243: result: yes
configure:4243: checking for boost/accumulators/statistics/median.hpp
configure:4243: result: yes
configure:4243: checking boost/accumulators/statistics/stats.hpp usability
configure:4243: g++ -c -g -O2 -std=c++11 -pthread conftest.cpp >&5
configure:4243: $? = 0
configure:4243: result: yes
configure:4243: checking boost/accumulators/statistics/stats.hpp presence
configure:4243: g++ -E -std=c++11 -pthread conftest.cpp
configure:4243: $? = 0
configure:4243: result: yes
configure:4243: checking for boost/accumulators/statistics/stats.hpp
configure:4243: result: yes
configure:4243: checking boost/functional/hash.hpp usability
configure:4243: g++ -c -g -O2 -std=c++11 -pthread conftest.cpp >&5
configure:4243: $? = 0
configure:4243: result: yes
configure:4243: checking boost/functional/hash.hpp presence
configure:4243: g++ -E -std=c++11 -pthread conftest.cpp
configure:4243: $? = 0
configure:4243: result: yes
configure:4243: checking for boost/functional/hash.hpp
configure:4243: result: yes
configure:4243: checking boost/random/exponential_distribution.hpp usability
configure:4243: g++ -c -g -O2 -std=c++11 -pthread conftest.cpp >&5
configure:4243: $? = 0
configure:4243: result: yes
configure:4243: checking boost/random/exponential_distribution.hpp presence
configure:4243: g++ -E -std=c++11 -pthread conftest.cpp
configure:4243: $? = 0
configure:4243: result: yes
configure:4243: checking for boost/random/exponential_distribution.hpp
configure:4243: result: yes
configure:4243: checking boost/random/mersenne_twister.hpp usability
configure:4243: g++ -c -g -O2 -std=c++11 -pthread conftest.cpp >&5
configure:4243: $? = 0
configure:4243: result: yes
configure:4243: checking boost/random/mersenne_twister.hpp presence
configure:4243: g++ -E -std=c++11 -pthread conftest.cpp
configure:4243: $? = 0
configure:4243: result: yes
configure:4243: checking for boost/random/mersenne_twister.hpp
configure:4243: result: yes
configure:4243: checking boost/random/poisson_distribution.hpp usability
configure:4243: g++ -c -g -O2 -std=c++11 -pthread conftest.cpp >&5
configure:4243: $? = 0
configure:4243: result: yes
configure:4243: checking boost/random/poisson_distribution.hpp presence
configure:4243: g++ -E -std=c++11 -pthread conftest.cpp
configure:4243: $? = 0
configure:4243: result: yes
configure:4243: checking for boost/random/poisson_distribution.hpp
configure:4243: result: yes
configure:4243: checking boost/random/uniform_int_distribution.hpp usability
configure:4243: g++ -c -g -O2 -std=c++11 -pthread conftest.cpp >&5
configure:4243: $? = 0
configure:4243: result: yes
configure:4243: checking boost/random/uniform_int_distribution.hpp presence
configure:4243: g++ -E -std=c++11 -pthread conftest.cpp
configure:4243: $? = 0
configure:4243: result: yes
configure:4243: checking for boost/random/uniform_int_distribution.hpp
configure:4243: result: yes
configure:4243: checking boost/random/uniform_real_distribution.hpp usability
configure:4243: g++ -c -g -O2 -std=c++11 -pthread conftest.cpp >&5
configure:4243: $? = 0
configure:4243: result: yes
configure:4243: checking boost/random/uniform_real_distribution.hpp presence
configure:4243: g++ -E -std=c++11 -pthread conftest.cpp
configure:4243: $? = 0
configure:4243: result: yes
configure:4243: checking for boost/random/uniform_real_distribution.hpp
configure:4243: result: yes
configure:4243: checking fcntl.h usability
configure:4243: g++ -c -g -O2 -std=c++11 -pthread conftest.cpp >&5
configure:4243: $? = 0
configure:4243: result: yes
configure:4243: checking fcntl.h presence
configure:4243: g++ -E -std=c++11 -pthread conftest.cpp
configure:4243: $? = 0
configure:4243: result: yes
configure:4243: checking for fcntl.h
configure:4243: result: yes
configure:4243: checking future usability
configure:4243: g++ -c -g -O2 -std=c++11 -pthread conftest.cpp >&5
configure:4243: $? = 0
configure:4243: result: yes
configure:4243: checking future presence
configure:4243: g++ -E -std=c++11 -pthread conftest.cpp
configure:4243: $? = 0
configure:4243: result: yes
configure:4243: checking for future
configure:4243: result: yes
configure:4243: checking cmath usability
configure:4243: g++ -c -g -O2 -std=c++11 -pthread conftest.cpp >&5
configure:4243: $? = 0
configure:4243: result: yes
configure:4243: checking cmath presence
configure:4243: g++ -E -std=c++11 -pthread conftest.cpp
configure:4243: $? = 0
configure:4243: result: yes
configure:4243: checking for cmath
configure:4243: result: yes
configure:4243: checking queue usability
configure:4243: g++ -c -g -O2 -std=c++11 -pthread conftest.cpp >&5
configure:4243: $? = 0
configure:4243: result: yes
configure:4243: checking queue presence
configure:4243: g++ -E -std=c++11 -pthread conftest.cpp
configure:4243: $? = 0
configure:4243: result: yes
configure:4243: checking for queue
configure:4243: result: yes
configure:4243: checking cstdio usability
configure:4243: g++ -c -g -O2 -std=c++11 -pthread conftest.cpp >&5
configure:4243: $? = 0
configure:4243: result: yes
configure:4243: checking cstdio presence
configure:4243: g++ -E -std=c++11 -pthread conftest.cpp
configure:4243: $? = 0
configure:4243: result: yes
configure:4243: checking for cstdio
configure:4243: result: yes
configure:4243: checking string usability
configure:4243: g++ -c -g -O2 -std=c++11 -pthread conftest.cpp >&5
configure:4243: $? = 0
configure:4243: result: yes
configure:4243: checking string presence
configure:4243: g++ -E -std=c++11 -pthread conftest.cpp
configure:4243: $? = 0
configure:4243: result: yes
configure:4243: checking for string
configure:4243: result: yes
configure:4243: checking for sys/stat.h
configure:4243: result: yes
configure:4243: checking for sys/types.h
configure:4243: result: yes
configure:4243: checking ctime usability
configure:4243: g++ -c -g -O2 -std=c++11 -pthread conftest.cpp >&5
configure:4243: $? = 0
configure:4243: result: yes
configure:4243: checking ctime presence
configure:4243: g++ -E -std=c++11 -pthread conftest.cpp
configure:4243: $? = 0
configure:4243: result: yes
configure:4243: checking for ctime
configure:4243: result: yes
configure:4243: checking tuple usability
configure:4243: g++ -c -g -O2 -std=c++11 -pthread conftest.cpp >&5
configure:4243: $? = 0
configure:4243: result: yes
configure:4243: checking tuple presence
configure:4243: g++ -E -std=c++11 -pthread conftest.cpp
configure:4243: $? = 0
configure:4243: result: yes
configure:4243: checking for tuple
configure:4243: result: yes
configure:4243: checking for unistd.h
configure:4243: result: yes
configure:4243: checking unordered_map usability
configure:4243: g++ -c -g -O2 -std=c++11 -pthread conftest.cpp >&5
configure:4243: $? = 0
configure:4243: result: yes
configure:4243: checking unordered_map presence
configure:4243: g++ -E -std=c++11 -pthread conftest.cpp
configure:4243: $? = 0
configure:4243: result: yes
configure:4243: checking for unordered_map
configure:4243: result: yes
configure:4243: checking utility usability
configure:4243: g++ -c -g -O2 -std=c++11 -pthread conftest.cpp >&5
configure:4243: $? = 0
configure:4243: result: yes
configure:4243: checking utility presence
configure:4243: g++ -E -std=c++11 -pthread conftest.cpp
configure:4243: $? = 0
configure:4243: result: yes
configure:4243: checking for utility
configure:4243: result: yes
configure:4243: checking vector usability
configure:4243: g++ -c -g -O2 -std=c++11 -pthread conftest.cpp >&5
configure:4243: $? = 0
configure:4243: result: yes
configure:4243: checking vector presence
configure:4243: g++ -E -std=c++11 -pthread conftest.cpp
configure:4243: $? = 0
configure:4243: result: yes
configure:4243: checking for vector
configure:4243: result: yes
configure:4256: checking for malloc in -ljemalloc
configure:4281: g++ -o conftest -g -O2 -std=c++11 -pthread  conftest.cpp -ljemalloc   >&5
configure:4281: $? = 0
configure:4290: result: yes
configure:4305: checking for stdbool.h that conforms to C99
configure:4372: g++ -c -g -O2 -std=c++11 -pthread conftest.cpp >&5
configure:4372: $? = 0
configure:4379: result: yes
configure:4381: checking for _Bool
configure:4381: g++ -c -g -O2 -std=c++11 -pthread conftest.cpp >&5
conftest.cpp: In function 'int main()':
conftest.cpp:84:13: error: '_Bool' was not declared in this scope
 if (sizeof (_Bool))
             ^
configure:4381: $? = 1
configure: failed program was:
| /* confdefs.h */
| #define PACKAGE_NAME "remy"
| #define PACKAGE_TARNAME "remy"
| #define PACKAGE_VERSION "0.1"
| #define PACKAGE_STRING "remy 0.1"
| #define PACKAGE_BUGREPORT "remy@mit.edu"
| #define PACKAGE_URL ""
| #define PACKAGE "remy"
| #define VERSION "0.1"
| #define STDC_HEADERS 1
| #define HAVE_SYS_TYPES_H 1
| #define HAVE_SYS_STAT_H 1
| #define HAVE_STDLIB_H 1
| #define HAVE_STRING_H 1
| #define HAVE_MEMORY_H 1
| #define HAVE_STRINGS_H 1
| #define HAVE_INTTYPES_H 1
| #define HAVE_STDINT_H 1
| #define HAVE_UNISTD_H 1
| #define HAVE_ALGORITHM 1
| #define HAVE_ARRAY 1
| #define HAVE_CASSERT 1
| #define HAVE_BOOST_ACCUMULATORS_ACCUMULATORS_HPP 1
| #define HAVE_BOOST_ACCUMULATORS_STATISTICS_MEDIAN_HPP 1
| #define HAVE_BOOST_ACCUMULATORS_STATISTICS_STATS_HPP 1
| #define HAVE_BOOST_FUNCTIONAL_HASH_HPP 1
| #define HAVE_BOOST_RANDOM_EXPONENTIAL_DISTRIBUTION_HPP 1
| #define HAVE_BOOST_RANDOM_MERSENNE_TWISTER_HPP 1
| #define HAVE_BOOST_RANDOM_POISSON_DISTRIBUTION_HPP 1
| #define HAVE_BOOST_RANDOM_UNIFORM_INT_DISTRIBUTION_HPP 1
| #define HAVE_BOOST_RANDOM_UNIFORM_REAL_DISTRIBUTION_HPP 1
| #define HAVE_FCNTL_H 1
| #define HAVE_FUTURE 1
| #define HAVE_CMATH 1
| #define HAVE_QUEUE 1
| #define HAVE_CSTDIO 1
| #define HAVE_STRING 1
| #define HAVE_SYS_STAT_H 1
| #define HAVE_SYS_TYPES_H 1
| #define HAVE_CTIME 1
| #define HAVE_TUPLE 1
| #define HAVE_UNISTD_H 1
| #define HAVE_UNORDERED_MAP 1
| #define HAVE_UTILITY 1
| #define HAVE_VECTOR 1
| #define HAVE_LIBJEMALLOC 1
| /* end confdefs.h.  */
| #include <stdio.h>
| #ifdef HAVE_SYS_TYPES_H
| # include <sys/types.h>
| #endif
| #ifdef HAVE_SYS_STAT_H
| # include <sys/stat.h>
| #endif
| #ifdef STDC_HEADERS
| # include <stdlib.h>
| # include <stddef.h>
| #else
| # ifdef HAVE_STDLIB_H
| #  include <stdlib.h>
| # endif
| #endif
| #ifdef HAVE_STRING_H
| # if !defined STDC_HEADERS && defined HAVE_MEMORY_H
| #  include <memory.h>
| # endif
| # include <string.h>
| #endif
| #ifdef HAVE_STRINGS_H
| # include <strings.h>
| #endif
| #ifdef HAVE_INTTYPES_H
| # include <inttypes.h>
| #endif
| #ifdef HAVE_STDINT_H
| # include <stdint.h>
| #endif
| #ifdef HAVE_UNISTD_H
| # include <unistd.h>
| #endif
| int
| main ()
| {
| if (sizeof (_Bool))
| 	 return 0;
|   ;
|   return 0;
| }
configure:4381: result: no
configure:4392: checking for size_t
configure:4392: g++ -c -g -O2 -std=c++11 -pthread conftest.cpp >&5
configure:4392: $? = 0
configure:4392: g++ -c -g -O2 -std=c++11 -pthread conftest.cpp >&5
conftest.cpp: In function 'int main()':
conftest.cpp:84:20: error: expected primary-expression before ')' token
 if (sizeof ((size_t)))
                    ^
configure:4392: $? = 1
configure: failed program was:
| /* confdefs.h */
| #define PACKAGE_NAME "remy"
| #define PACKAGE_TARNAME "remy"
| #define PACKAGE_VERSION "0.1"
| #define PACKAGE_STRING "remy 0.1"
| #define PACKAGE_BUGREPORT "remy@mit.edu"
| #define PACKAGE_URL ""
| #define PACKAGE "remy"
| #define VERSION "0.1"
| #define STDC_HEADERS 1
| #define HAVE_SYS_TYPES_H 1
| #define HAVE_SYS_STAT_H 1
| #define HAVE_STDLIB_H 1
| #define HAVE_STRING_H 1
| #define HAVE_MEMORY_H 1
| #define HAVE_STRINGS_H 1
| #define HAVE_INTTYPES_H 1
| #define HAVE_STDINT_H 1
| #define HAVE_UNISTD_H 1
| #define HAVE_ALGORITHM 1
| #define HAVE_ARRAY 1
| #define HAVE_CASSERT 1
| #define HAVE_BOOST_ACCUMULATORS_ACCUMULATORS_HPP 1
| #define HAVE_BOOST_ACCUMULATORS_STATISTICS_MEDIAN_HPP 1
| #define HAVE_BOOST_ACCUMULATORS_STATISTICS_STATS_HPP 1
| #define HAVE_BOOST_FUNCTIONAL_HASH_HPP 1
| #define HAVE_BOOST_RANDOM_EXPONENTIAL_DISTRIBUTION_HPP 1
| #define HAVE_BOOST_RANDOM_MERSENNE_TWISTER_HPP 1
| #define HAVE_BOOST_RANDOM_POISSON_DISTRIBUTION_HPP 1
| #define HAVE_BOOST_RANDOM_UNIFORM_INT_DISTRIBUTION_HPP 1
| #define HAVE_BOOST_RANDOM_UNIFORM_REAL_DISTRIBUTION_HPP 1
| #define HAVE_FCNTL_H 1
| #define HAVE_FUTURE 1
| #define HAVE_CMATH 1
| #define HAVE_QUEUE 1
| #define HAVE_CSTDIO 1
| #define HAVE_STRING 1
| #define HAVE_SYS_STAT_H 1
| #define HAVE_SYS_TYPES_H 1
| #define HAVE_CTIME 1
| #define HAVE_TUPLE 1
| #define HAVE_UNISTD_H 1
| #define HAVE_UNORDERED_MAP 1
| #define HAVE_UTILITY 1
| #define HAVE_VECTOR 1
| #define HAVE_LIBJEMALLOC 1
| /* end confdefs.h.  */
| #include <stdio.h>
| #ifdef HAVE_SYS_TYPES_H
| # include <sys/types.h>
| #endif
| #ifdef HAVE_SYS_STAT_H
| # include <sys/stat.h>
| #endif
| #ifdef STDC_HEADERS
| # include <stdlib.h>
| # include <stddef.h>
| #else
| # ifdef HAVE_STDLIB_H
| #  include <stdlib.h>
| # endif
| #endif
| #ifdef HAVE_STRING_H
| # if !defined STDC_HEADERS && defined HAVE_MEMORY_H
| #  include <memory.h>
| # endif
| # include <string.h>
| #endif
| #ifdef HAVE_STRINGS_H
| # include <strings.h>
| #endif
| #ifdef HAVE_INTTYPES_H
| # include <inttypes.h>
| #endif
| #ifdef HAVE_STDINT_H
| # include <stdint.h>
| #endif
| #ifdef HAVE_UNISTD_H
| # include <unistd.h>
| #endif
| int
| main ()
| {
| if (sizeof ((size_t)))
| 	    return 0;
|   ;
|   return 0;
| }
configure:4392: result: yes
configure:4403: checking for uint64_t
configure:4403: g++ -c -g -O2 -std=c++11 -pthread conftest.cpp >&5
configure:4403: $? = 0
configure:4403: result: yes
configure:4537: checking that generated files are newer than configure
configure:4543: result: done
configure:4566: creating ./config.status

## ---------------------- ##
## Running config.status. ##
## ---------------------- ##

This file was extended by remy config.status 0.1, which was
generated by GNU Autoconf 2.69.  Invocation command line was

  CONFIG_FILES    = 
  CONFIG_HEADERS  = 
  CONFIG_LINKS    = 
  CONFIG_COMMANDS = 
  $ ./config.status 

on ochre

config.status:889: creating Makefile
config.status:889: creating protobufs/Makefile
config.status:889: creating src/Makefile
config.status:889: creating config.h
config.status:1118: executing depfiles commands

## ---------------- ##
## Cache variables. ##
## ---------------- ##

ac_cv_c_uint64_t=yes
ac_cv_cxx_compiler_gnu=yes
ac_cv_env_CCC_set=
ac_cv_env_CCC_value=
ac_cv_env_CPPFLAGS_set=
ac_cv_env_CPPFLAGS_value=
ac_cv_env_CXXCPP_set=
ac_cv_env_CXXCPP_value=
ac_cv_env_CXXFLAGS_set=
ac_cv_env_CXXFLAGS_value=
ac_cv_env_CXX_set=
ac_cv_env_CXX_value=
ac_cv_env_LDFLAGS_set=
ac_cv_env_LDFLAGS_value=
ac_cv_env_LIBS_set=
ac_cv_env_LIBS_value=
ac_cv_env_PKG_CONFIG_LIBDIR_set=
ac_cv_env_PKG_CONFIG_LIBDIR_value=
ac_cv_env_PKG_CONFIG_PATH_set=
ac_cv_env_PKG_CONFIG_PATH_value=
ac_cv_env_PKG_CONFIG_set=
ac_cv_env_PKG_CONFIG_value=
ac_cv_env_build_alias_set=
ac_cv_env_build_alias_value=
ac_cv_env_host_alias_set=
ac_cv_env_host_alias_value=
ac_cv_env_protobuf_CFLAGS_set=
ac_cv_env_protobuf_CFLAGS_value=
ac_cv_env_protobuf_LIBS_set=
ac_cv_env_protobuf_LIBS_value=
ac_cv_env_target_alias_set=
ac_cv_env_target_alias_value=
ac_cv_header_algorithm=yes
ac_cv_header_array=yes
ac_cv_header_boost_accumulators_accumulators_hpp=yes
ac_cv_header_boost_accumulators_statistics_median_hpp=yes
ac_cv_header_boost_accumulators_statistics_stats_hpp=yes
ac_cv_header_boost_functional_hash_hpp=yes
ac_cv_header_boost_random_exponential_distribution_hpp=yes
ac_cv_header_boost_random_mersenne_twister_hpp=yes
ac_cv_header_boost_random_poisson_distribution_hpp=yes
ac_cv_header_boost_random_uniform_int_distribution_hpp=yes
ac_cv_header_boost_random_uniform_real_distribution_hpp=yes
ac_cv_header_cassert=yes
ac_cv_header_cmath=yes
ac_cv_header_cstdio=yes
ac_cv_header_ctime=yes
ac_cv_header_fcntl_h=yes
ac_cv_header_future=yes
ac_cv_header_inttypes_h=yes
ac_cv_header_memory_h=yes
ac_cv_header_queue=yes
ac_cv_header_stdbool_h=yes
ac_cv_header_stdc=yes
ac_cv_header_stdint_h=yes
ac_cv_header_stdlib_h=yes
ac_cv_header_string=yes
ac_cv_header_string_h=yes
ac_cv_header_strings_h=yes
ac_cv_header_sys_stat_h=yes
ac_cv_header_sys_types_h=yes
ac_cv_header_tuple=yes
ac_cv_header_unistd_h=yes
ac_cv_header_unordered_map=yes
ac_cv_header_utility=yes
ac_cv_header_vector=yes
ac_cv_lib_jemalloc_malloc=yes
ac_cv_objext=o
ac_cv_path_EGREP='/bin/grep -E'
ac_cv_path_GREP=/bin/grep
ac_cv_path_PROTOC=/usr/bin/protoc
ac_cv_path_ac_pt_PKG_CONFIG=/usr/bin/pkg-config
ac_cv_path_install='/usr/bin/install -c'
ac_cv_path_mkdir=/bin/mkdir
ac_cv_prog_AWK=mawk
ac_cv_prog_CXXCPP='g++ -E'
ac_cv_prog_ac_ct_CXX=g++
ac_cv_prog_ac_ct_RANLIB=ranlib
ac_cv_prog_cxx_g=yes
ac_cv_prog_make_make_set=yes
ac_cv_type__Bool=no
ac_cv_type_size_t=yes
am_cv_CXX_dependencies_compiler_type=gcc3
am_cv_make_support_nested_variables=yes
pkg_cv_protobuf_CFLAGS='-pthread  '
pkg_cv_protobuf_LIBS='-pthread -lprotobuf -lz -lpthread  '

## ----------------- ##
## Output variables. ##
## ----------------- ##

ACLOCAL='${SHELL} /home/pratiksha/dev/remy/remy_clean/missing aclocal-1.13'
AMDEPBACKSLASH='\'
AMDEP_FALSE='#'
AMDEP_TRUE=''
AMTAR='$${TAR-tar}'
AM_BACKSLASH='\'
AM_DEFAULT_V='$(AM_DEFAULT_VERBOSITY)'
AM_DEFAULT_VERBOSITY='1'
AM_V='$(V)'
AUTOCONF='${SHELL} /home/pratiksha/dev/remy/remy_clean/missing autoconf'
AUTOHEADER='${SHELL} /home/pratiksha/dev/remy/remy_clean/missing autoheader'
AUTOMAKE='${SHELL} /home/pratiksha/dev/remy/remy_clean/missing automake-1.13'
AWK='mawk'
CPPFLAGS='-std=c++11 -pthread'
CXX='g++'
CXXCPP='g++ -E'
CXXDEPMODE='depmode=gcc3'
CXXFLAGS='-g -O2'
CYGPATH_W='echo'
DEFS='-DHAVE_CONFIG_H'
DEPDIR='.deps'
ECHO_C=''
ECHO_N='-n'
ECHO_T=''
EGREP='/bin/grep -E'
EXEEXT=''
GREP='/bin/grep'
INSTALL_DATA='${INSTALL} -m 644'
INSTALL_PROGRAM='${INSTALL}'
INSTALL_SCRIPT='${INSTALL}'
INSTALL_STRIP_PROGRAM='$(install_sh) -c -s'
LDFLAGS=''
LIBOBJS=''
LIBS='-ljemalloc '
LTLIBOBJS=''
MAKEINFO='${SHELL} /home/pratiksha/dev/remy/remy_clean/missing makeinfo'
MKDIR_P='/bin/mkdir -p'
OBJEXT='o'
PACKAGE='remy'
PACKAGE_BUGREPORT='remy@mit.edu'
PACKAGE_NAME='remy'
PACKAGE_STRING='remy 0.1'
PACKAGE_TARNAME='remy'
PACKAGE_URL=''
PACKAGE_VERSION='0.1'
PATH_SEPARATOR=':'
PICKY_CXXFLAGS='-pedantic -Wall -Wextra -Weffc++ -Werror -fno-default-inline'
PKG_CONFIG='/usr/bin/pkg-config'
PKG_CONFIG_LIBDIR=''
PKG_CONFIG_PATH=''
PROTOC='/usr/bin/protoc'
RANLIB='ranlib'
SET_MAKE=''
SHELL='/bin/bash'
STRIP=''
VERSION='0.1'
ac_ct_CXX='g++'
am__EXEEXT_FALSE=''
am__EXEEXT_TRUE='#'
am__fastdepCXX_FALSE='#'
am__fastdepCXX_TRUE=''
am__include='include'
am__isrc=''
am__leading_dot='.'
am__nodep='_no'
am__quote=''
am__tar='$${TAR-tar} chof - "$$tardir"'
am__untar='$${TAR-tar} xf -'
bindir='${exec_prefix}/bin'
build_alias=''
datadir='${datarootdir}'
datarootdir='${prefix}/share'
docdir='${datarootdir}/doc/${PACKAGE_TARNAME}'
dvidir='${docdir}'
exec_prefix='${prefix}'
host_alias=''
htmldir='${docdir}'
includedir='${prefix}/include'
infodir='${datarootdir}/info'
install_sh='${SHELL} /home/pratiksha/dev/remy/remy_clean/install-sh'
libdir='${exec_prefix}/lib'
libexecdir='${exec_prefix}/libexec'
localedir='${datarootdir}/locale'
localstatedir='${prefix}/var'
mandir='${datarootdir}/man'
mkdir_p='$(MKDIR_P)'
oldincludedir='/usr/include'
pdfdir='${docdir}'
prefix='/usr/local'
program_transform_name='s,x,x,'
protobuf_CFLAGS='-pthread  '
protobuf_LIBS='-pthread -lprotobuf -lz -lpthread  '
psdir='${docdir}'
sbindir='${exec_prefix}/sbin'
sharedstatedir='${prefix}/com'
sysconfdir='${prefix}/etc'
target_alias=''

## ----------- ##
## confdefs.h. ##
## ----------- ##

/* confdefs.h */
#define PACKAGE_NAME "remy"
#define PACKAGE_TARNAME "remy"
#define PACKAGE_VERSION "0.1"
#define PACKAGE_STRING "remy 0.1"
#define PACKAGE_BUGREPORT "remy@mit.edu"
#define PACKAGE_URL ""
#define PACKAGE "remy"
#define VERSION "0.1"
#define STDC_HEADERS 1
#define HAVE_SYS_TYPES_H 1
#define HAVE_SYS_STAT_H 1
#define HAVE_STDLIB_H 1
#define HAVE_STRING_H 1
#define HAVE_MEMORY_H 1
#define HAVE_STRINGS_H 1
#define HAVE_INTTYPES_H 1
#define HAVE_STDINT_H 1
#define HAVE_UNISTD_H 1
#define HAVE_ALGORITHM 1
#define HAVE_ARRAY 1
#define HAVE_CASSERT 1
#define HAVE_BOOST_ACCUMULATORS_ACCUMULATORS_HPP 1
#define HAVE_BOOST_ACCUMULATORS_STATISTICS_MEDIAN_HPP 1
#define HAVE_BOOST_ACCUMULATORS_STATISTICS_STATS_HPP 1
#define HAVE_BOOST_FUNCTIONAL_HASH_HPP 1
#define HAVE_BOOST_RANDOM_EXPONENTIAL_DISTRIBUTION_HPP 1
#define HAVE_BOOST_RANDOM_MERSENNE_TWISTER_HPP 1
#define HAVE_BOOST_RANDOM_POISSON_DISTRIBUTION_HPP 1
#define HAVE_BOOST_RANDOM_UNIFORM_INT_DISTRIBUTION_HPP 1
#define HAVE_BOOST_RANDOM_UNIFORM_REAL_DISTRIBUTION_HPP 1
#define HAVE_FCNTL_H 1
#define HAVE_FUTURE 1
#define HAVE_CMATH 1
#define HAVE_QUEUE 1
#define HAVE_CSTDIO 1
#define HAVE_STRING 1
#define HAVE_SYS_STAT_H 1
#define HAVE_SYS_TYPES_H 1
#define HAVE_CTIME 1
#define HAVE_TUPLE 1
#define HAVE_UNISTD_H 1
#define HAVE_UNORDERED_MAP 1
#define HAVE_UTILITY 1
#define HAVE_VECTOR 1
#define HAVE_LIBJEMALLOC 1

configure: exit 0

## ---------------------- ##
## Running config.status. ##
## ---------------------- ##

This file was extended by remy config.status 0.1, which was
generated by GNU Autoconf 2.69.  Invocation command line was

  CONFIG_FILES    = 
  CONFIG_HEADERS  = 
  CONFIG_LINKS    = 
  CONFIG_COMMANDS = 
  $ ./config.status src/Makefile depfiles

on ochre

config.status:889: creating src/Makefile
config.status:1118: executing depfiles commands
